<?xml version="1.0" encoding="UTF-8"?>
<!-- Generated by org.testng.reporters.JUnitReportReporter -->
<testsuite hostname="NAANILKU-M-K0S8" failures="0" tests="2" name="PR_test.SampleTest" time="0.004" errors="0" timestamp="2025-02-09T23:26:11 IST" skipped="0">
  <testcase classname="PR_test.SampleTest" name="testString" time="0.000"/>
  <system-out/>
  <testcase classname="PR_test.SampleTest" name="testAddition" time="0.004"/>
  <system-out/>
</testsuite> <!-- PR_test.SampleTest -->
